"D:/UE5Projects/Ratzilla/Content/Assets/Models/Ratzilla/Rat.uasset" 0
"D:/UE5Projects/Ratzilla/Content/Assets/Models/Ratzilla/Rat.uexp" 1
"D:/UE5Projects/Ratzilla/Content/Assets/Models/Ratzilla/Tail.uasset" 2
"D:/UE5Projects/Ratzilla/Content/Assets/Models/Ratzilla/Tail.uexp" 3
"D:/UE5Projects/Ratzilla/Content/Assets/Models/Ratzilla/RatzillaRigged_PhysicsAsset.uasset" 4
"D:/UE5Projects/Ratzilla/Content/Assets/Models/Ratzilla/RatzillaRigged_PhysicsAsset.uexp" 5
"D:/UE5Projects/Ratzilla/Content/Assets/Models/Ratzilla/RatzillaRigged_Skeleton.uasset" 6
"D:/UE5Projects/Ratzilla/Content/Assets/Models/Ratzilla/RatzillaRigged_Skeleton.uexp" 7
"D:/UE5Projects/Ratzilla/Content/Assets/Models/Ratzilla/RatzillaRigged.uasset" 8
"D:/UE5Projects/Ratzilla/Content/Assets/Models/Ratzilla/RatzillaRigged.uexp" 9
"../../../Engine/Content/EditorBlueprintResources/StandardMacros.uasset" 10
"../../../Engine/Content/EditorBlueprintResources/StandardMacros.uexp" 11
"../../../Engine/Content/BasicShapes/BasicShapeMaterial.uasset" 12
"../../../Engine/Content/BasicShapes/BasicShapeMaterial.uexp" 13
"../../../Engine/Content/EngineMaterials/T_Default_Material_Grid_M.uasset" 14
"../../../Engine/Content/EngineMaterials/T_Default_Material_Grid_M.uexp" 15
"../../../Engine/Content/EngineMaterials/T_Default_Material_Grid_M.ubulk" 16
"../../../Engine/Content/EngineMaterials/T_Default_Material_Grid_N.uasset" 17
"../../../Engine/Content/EngineMaterials/T_Default_Material_Grid_N.uexp" 18
"../../../Engine/Content/EngineMaterials/T_Default_Material_Grid_N.ubulk" 19
"../../../Engine/Content/Functions/Engine_MaterialFunctions01/Opacity/CameraDepthFade.uasset" 20
"../../../Engine/Content/Functions/Engine_MaterialFunctions01/Opacity/CameraDepthFade.uexp" 21
"../../../Engine/Content/EngineMaterials/WorldGridMaterial.uasset" 22
"../../../Engine/Content/EngineMaterials/WorldGridMaterial.uexp" 23
"../../../Engine/Content/BasicShapes/Cube.uasset" 24
"../../../Engine/Content/BasicShapes/Cube.uexp" 25
"../../../Engine/Content/BasicShapes/Cube.ubulk" 26
"D:/UE5Projects/Ratzilla/Content/Assets/UI_Assets/NAGOMI/Menu_button_NOT_hovered_NAGOMI.uasset" 27
"D:/UE5Projects/Ratzilla/Content/Assets/UI_Assets/NAGOMI/Menu_button_NOT_hovered_NAGOMI.uexp" 28
"D:/UE5Projects/Ratzilla/Content/Assets/UI_Assets/NAGOMI/Menu_button_hovered_NAGOMI.uasset" 29
"D:/UE5Projects/Ratzilla/Content/Assets/UI_Assets/NAGOMI/Menu_button_hovered_NAGOMI.uexp" 30
"D:/UE5Projects/Ratzilla/Content/Assets/UI_Assets/NAGOMI/Paused_cheese_texture_NAGOMI_STYLE.uasset" 31
"D:/UE5Projects/Ratzilla/Content/Assets/UI_Assets/NAGOMI/Paused_cheese_texture_NAGOMI_STYLE.uexp" 32
"D:/UE5Projects/Ratzilla/Content/Assets/UI_Assets/NAGOMI/Resume_hovered_NAGOMI.uasset" 33
"D:/UE5Projects/Ratzilla/Content/Assets/UI_Assets/NAGOMI/Resume_hovered_NAGOMI.uexp" 34
"D:/UE5Projects/Ratzilla/Content/Assets/UI_Assets/NAGOMI/QUIT_BUTTON_hovered_NAGOMI.uasset" 35
"D:/UE5Projects/Ratzilla/Content/Assets/UI_Assets/NAGOMI/QUIT_BUTTON_hovered_NAGOMI.uexp" 36
"D:/UE5Projects/Ratzilla/Content/Assets/UI_Assets/NAGOMI/QUIT_BUTTON_NOT_hovered_NAGOMI.uasset" 37
"D:/UE5Projects/Ratzilla/Content/Assets/UI_Assets/NAGOMI/QUIT_BUTTON_NOT_hovered_NAGOMI.uexp" 38
"D:/UE5Projects/Ratzilla/Content/Assets/UI_Assets/NAGOMI/Resume_not_hovered_NAGOMI.uasset" 39
"D:/UE5Projects/Ratzilla/Content/Assets/UI_Assets/NAGOMI/Resume_not_hovered_NAGOMI.uexp" 40
"D:/UE5Projects/Ratzilla/Content/ThirdPersonBP/Blueprints/WBP_UI/WBP_PauseMenu.uasset" 41
"D:/UE5Projects/Ratzilla/Content/ThirdPersonBP/Blueprints/WBP_UI/WBP_PauseMenu.uexp" 42
"D:/UE5Projects/Ratzilla/Content/ThirdPersonBP/Blueprints/RatCharacter.uasset" 43
"D:/UE5Projects/Ratzilla/Content/ThirdPersonBP/Blueprints/RatCharacter.uexp" 44
"D:/UE5Projects/Ratzilla/Content/ThirdPersonBP/Blueprints/ThirdPersonGameMode.uasset" 45
"D:/UE5Projects/Ratzilla/Content/ThirdPersonBP/Blueprints/ThirdPersonGameMode.uexp" 46
"../../../Engine/Content/ArtTools/RenderToTexture/Meshes/S_1_Unit_Plane.uasset" 47
"../../../Engine/Content/ArtTools/RenderToTexture/Meshes/S_1_Unit_Plane.uexp" 48
"../../../Engine/Content/ArtTools/RenderToTexture/Meshes/S_1_Unit_Plane.ubulk" 49
"../../../Engine/Content/EngineMaterials/DefaultMaterial.uasset" 50
"../../../Engine/Content/EngineMaterials/DefaultMaterial.uexp" 51
"../../../Engine/Content/BasicShapes/Cone.uasset" 52
"../../../Engine/Content/BasicShapes/Cone.uexp" 53
"../../../Engine/Content/BasicShapes/Cone.ubulk" 54
"../../../Engine/Content/BasicShapes/Plane.uasset" 55
"../../../Engine/Content/BasicShapes/Plane.uexp" 56
"../../../Engine/Content/BasicShapes/Plane.ubulk" 57
"../../../Engine/Content/BasicShapes/Sphere.uasset" 58
"../../../Engine/Content/BasicShapes/Sphere.uexp" 59
"../../../Engine/Content/BasicShapes/Sphere.ubulk" 60
"../../../Engine/Content/EditorLandscapeResources/DataLayer.uasset" 61
"../../../Engine/Content/EditorLandscapeResources/DataLayer.uexp" 62
"../../../Engine/Content/EditorLandscapeResources/DefaultAlphaTexture.uasset" 63
"../../../Engine/Content/EditorLandscapeResources/DefaultAlphaTexture.uexp" 64
"../../../Engine/Content/EditorMaterials/MAT_Groups_Toggle.uasset" 65
"../../../Engine/Content/EditorMaterials/MAT_Groups_Toggle.uexp" 66
"../../../Engine/Content/EditorMaterials/MAT_Groups_Visibility.uasset" 67
"../../../Engine/Content/EditorMaterials/MAT_Groups_Visibility.uexp" 68
"../../../Engine/Content/EditorMaterials/PreviewShadowIndicator.uasset" 69
"../../../Engine/Content/EditorMaterials/PreviewShadowIndicator.uexp" 70
"../../../Engine/Content/EditorMaterials/PreviewShadowIndicator.ubulk" 71
"../../../Engine/Content/EditorMaterials/PreviewShadowIndicatorMaterial.uasset" 72
"../../../Engine/Content/EditorMaterials/PreviewShadowIndicatorMaterial.uexp" 73
"../../../Engine/Content/EditorMaterials/MatineeGroups/MAT_ColorTrack.uasset" 74
"../../../Engine/Content/EditorMaterials/MatineeGroups/MAT_ColorTrack.uexp" 75
"../../../Engine/Content/EditorMaterials/MatineeGroups/MAT_Groups_Anim.uasset" 76
"../../../Engine/Content/EditorMaterials/MatineeGroups/MAT_Groups_Anim.uexp" 77
"../../../Engine/Content/EditorMaterials/MatineeGroups/MAT_Groups_AudioMaster.uasset" 78
"../../../Engine/Content/EditorMaterials/MatineeGroups/MAT_Groups_AudioMaster.uexp" 79
"../../../Engine/Content/EditorMaterials/MatineeGroups/MAT_Groups_Director.uasset" 80
"../../../Engine/Content/EditorMaterials/MatineeGroups/MAT_Groups_Director.uexp" 81
"../../../Engine/Content/EditorMaterials/MatineeGroups/MAT_Groups_Event.uasset" 82
"../../../Engine/Content/EditorMaterials/MatineeGroups/MAT_Groups_Event.uexp" 83
"../../../Engine/Content/EditorMaterials/MatineeGroups/MAT_Groups_Fade.uasset" 84
"../../../Engine/Content/EditorMaterials/MatineeGroups/MAT_Groups_Fade.uexp" 85
"../../../Engine/Content/EditorMaterials/MatineeGroups/MAT_Groups_Float.uasset" 86
"../../../Engine/Content/EditorMaterials/MatineeGroups/MAT_Groups_Float.uexp" 87
"../../../Engine/Content/EditorMaterials/MatineeGroups/MAT_Groups_Move.uasset" 88
"../../../Engine/Content/EditorMaterials/MatineeGroups/MAT_Groups_Move.uexp" 89
"../../../Engine/Content/EditorMaterials/MatineeGroups/MAT_Groups_Slomo.uasset" 90
"../../../Engine/Content/EditorMaterials/MatineeGroups/MAT_Groups_Slomo.uexp" 91
"../../../Engine/Content/EditorMaterials/MatineeGroups/MAT_Groups_Sound.uasset" 92
"../../../Engine/Content/EditorMaterials/MatineeGroups/MAT_Groups_Sound.uexp" 93
"../../../Engine/Content/EditorMaterials/MatineeGroups/MAT_Groups_Vector.uasset" 94
"../../../Engine/Content/EditorMaterials/MatineeGroups/MAT_Groups_Vector.uexp" 95
"../../../Engine/Content/EditorMaterials/ParticleSystems/PSysThumbnail_NoImage.uasset" 96
"../../../Engine/Content/EditorMaterials/ParticleSystems/PSysThumbnail_NoImage.uexp" 97
"../../../Engine/Content/EditorMaterials/ParticleSystems/PSysThumbnail_NoImage.ubulk" 98
"../../../Engine/Content/EditorMaterials/ParticleSystems/PSysThumbnail_OOD.uasset" 99
"../../../Engine/Content/EditorMaterials/ParticleSystems/PSysThumbnail_OOD.uexp" 100
"../../../Engine/Content/EditorMaterials/ParticleSystems/PSysThumbnail_OOD.ubulk" 101
"../../../Engine/Content/Functions/Engine_MaterialFunctions02/Utility/MakeFloat4.uasset" 102
"../../../Engine/Content/Functions/Engine_MaterialFunctions02/Utility/MakeFloat4.uexp" 103
"../../../Engine/Content/Functions/Engine_MaterialFunctions02/Utility/BreakOutFloat3Components.uasset" 104
"../../../Engine/Content/Functions/Engine_MaterialFunctions02/Utility/BreakOutFloat3Components.uexp" 105
"../../../Engine/Content/Functions/Engine_MaterialFunctions02/Utility/MakeFloat3.uasset" 106
"../../../Engine/Content/Functions/Engine_MaterialFunctions02/Utility/MakeFloat3.uexp" 107
"../../../Engine/Content/EditorMaterials/WorldPartition/WorldPartitionSpatialHashGridPreviewMaterial.uasset" 108
"../../../Engine/Content/EditorMaterials/WorldPartition/WorldPartitionSpatialHashGridPreviewMaterial.uexp" 109
"../../../Engine/Content/EditorMaterials/Camera/CineMat.uasset" 110
"../../../Engine/Content/EditorMaterials/Camera/CineMat.uexp" 111
"../../../Engine/Content/EditorMaterials/Camera/MI_CineMat_Rig.uasset" 112
"../../../Engine/Content/EditorMaterials/Camera/MI_CineMat_Rig.uexp" 113
"../../../Engine/Content/EditorMeshes/Camera/SM_CraneRig_Arm.uasset" 114
"../../../Engine/Content/EditorMeshes/Camera/SM_CraneRig_Arm.uexp" 115
"../../../Engine/Content/EditorMeshes/Camera/SM_CraneRig_Arm.ubulk" 116
"../../../Engine/Content/EditorMeshes/Camera/SM_CraneRig_Base.uasset" 117
"../../../Engine/Content/EditorMeshes/Camera/SM_CraneRig_Base.uexp" 118
"../../../Engine/Content/EditorMeshes/Camera/SM_CraneRig_Base.ubulk" 119
"../../../Engine/Content/EditorMeshes/Camera/SM_CraneRig_Body.uasset" 120
"../../../Engine/Content/EditorMeshes/Camera/SM_CraneRig_Body.uexp" 121
"../../../Engine/Content/EditorMeshes/Camera/SM_CraneRig_Body.ubulk" 122
"../../../Engine/Content/EditorMeshes/Camera/SM_CraneRig_Mount.uasset" 123
"../../../Engine/Content/EditorMeshes/Camera/SM_CraneRig_Mount.uexp" 124
"../../../Engine/Content/EditorMeshes/Camera/SM_CraneRig_Mount.ubulk" 125
"../../../Engine/Content/EditorMeshes/Camera/SM_RailRig_Mount.uasset" 126
"../../../Engine/Content/EditorMeshes/Camera/SM_RailRig_Mount.uexp" 127
"../../../Engine/Content/EditorMeshes/Camera/SM_RailRig_Mount.ubulk" 128
"../../../Engine/Content/EditorMeshes/Camera/SM_RailRig_Track.uasset" 129
"../../../Engine/Content/EditorMeshes/Camera/SM_RailRig_Track.uexp" 130
"../../../Engine/Content/EditorMeshes/Camera/SM_RailRig_Track.ubulk" 131
"../../../Engine/Content/EditorResources/BSPVertex.uasset" 132
"../../../Engine/Content/EditorResources/BSPVertex.uexp" 133
"../../../Engine/Content/EditorResources/EmptyActor.uasset" 134
"../../../Engine/Content/EditorResources/EmptyActor.uexp" 135
"../../../Engine/Content/EditorResources/S_Actor.uasset" 136
"../../../Engine/Content/EditorResources/S_Actor.uexp" 137
"../../../Engine/Content/EditorResources/S_Actor.ubulk" 138
"../../../Engine/Content/EditorResources/S_BoxReflectionCapture.uasset" 139
"../../../Engine/Content/EditorResources/S_BoxReflectionCapture.uexp" 140
"../../../Engine/Content/EditorResources/S_Note.uasset" 141
"../../../Engine/Content/EditorResources/S_Note.uexp" 142
"../../../Engine/Content/EditorResources/S_Solver.uasset" 143
"../../../Engine/Content/EditorResources/S_Solver.uexp" 144
"../../../Engine/Content/EditorResources/S_Solver.ubulk" 145
"../../../Engine/Content/EditorResources/S_Terrain.uasset" 146
"../../../Engine/Content/EditorResources/S_Terrain.uexp" 147
"../../../Engine/Content/EditorResources/S_Terrain.ubulk" 148
"../../../Engine/Content/EditorResources/S_Trigger.uasset" 149
"../../../Engine/Content/EditorResources/S_Trigger.uexp" 150
"../../../Engine/Content/EditorResources/S_Trigger.ubulk" 151
"../../../Engine/Content/EditorResources/S_TriggerBox.uasset" 152
"../../../Engine/Content/EditorResources/S_TriggerBox.uexp" 153
"../../../Engine/Content/EditorResources/S_TriggerCapsule.uasset" 154
"../../../Engine/Content/EditorResources/S_TriggerCapsule.uexp" 155
"../../../Engine/Content/EditorResources/S_TriggerSphere.uasset" 156
"../../../Engine/Content/EditorResources/S_TriggerSphere.uexp" 157
"../../../Engine/Content/EditorResources/LightIcons/S_LightError.uasset" 158
"../../../Engine/Content/EditorResources/LightIcons/S_LightError.uexp" 159
"../../../Engine/Content/EditorResources/SequenceRecorder/Countdown.uasset" 160
"../../../Engine/Content/EditorResources/SequenceRecorder/Countdown.uexp" 161
"../../../Engine/Content/EditorResources/SequenceRecorder/RecordingIndicator.uasset" 162
"../../../Engine/Content/EditorResources/SequenceRecorder/RecordingIndicator.uexp" 163
"../../../Engine/Content/EngineDamageTypes/DmgTypeBP_Environmental.uasset" 164
"../../../Engine/Content/EngineDamageTypes/DmgTypeBP_Environmental.uexp" 165
"../../../Engine/Content/EngineDebugMaterials/DebugEditorMaterial.uasset" 166
"../../../Engine/Content/EngineDebugMaterials/DebugEditorMaterial.uexp" 167
"../../../Engine/Content/EngineDebugMaterials/DebugMeshMaterial.uasset" 168
"../../../Engine/Content/EngineDebugMaterials/DebugMeshMaterial.uexp" 169
"../../../Engine/Content/EngineDebugMaterials/M_SimpleUnlitTranslucent.uasset" 170
"../../../Engine/Content/EngineDebugMaterials/M_SimpleUnlitTranslucent.uexp" 171
"../../../Engine/Content/Functions/Engine_MaterialFunctions02/Utility/CameraDirectionVector.uasset" 172
"../../../Engine/Content/Functions/Engine_MaterialFunctions02/Utility/CameraDirectionVector.uexp" 173
"../../../Engine/Content/EngineDebugMaterials/VolumeToRender.uasset" 174
"../../../Engine/Content/EngineDebugMaterials/VolumeToRender.uexp" 175
"../../../Engine/Content/EngineDebugMaterials/M_VolumeRenderSphereTracePP.uasset" 176
"../../../Engine/Content/EngineDebugMaterials/M_VolumeRenderSphereTracePP.uexp" 177
"../../../Engine/Content/Functions/Engine_MaterialFunctions01/Shading/ConvertFromDiffSpec.uasset" 178
"../../../Engine/Content/Functions/Engine_MaterialFunctions01/Shading/ConvertFromDiffSpec.uexp" 179
"../../../Engine/Content/EngineDebugMaterials/VertexColorMaterial.uasset" 180
"../../../Engine/Content/EngineDebugMaterials/VertexColorMaterial.uexp" 181
"../../../Engine/Content/EngineDebugMaterials/WireframeMaterial.uasset" 182
"../../../Engine/Content/EngineDebugMaterials/WireframeMaterial.uexp" 183
"../../../Engine/Content/EngineFonts/Faces/DroidSansFallback.uasset" 184
"../../../Engine/Content/EngineFonts/Faces/DroidSansFallback.uexp" 185
"../../../Engine/Content/EngineFonts/Faces/DroidSansFallback.ufont" 186
"../../../Engine/Content/EngineFonts/Faces/RobotoLight.uasset" 187
"../../../Engine/Content/EngineFonts/Faces/RobotoLight.uexp" 188
"../../../Engine/Content/EngineFonts/Faces/RobotoLight.ufont" 189
"../../../Engine/Content/EngineFonts/Faces/RobotoItalic.uasset" 190
"../../../Engine/Content/EngineFonts/Faces/RobotoItalic.uexp" 191
"../../../Engine/Content/EngineFonts/Faces/RobotoItalic.ufont" 192
"../../../Engine/Content/EngineFonts/Faces/RobotoBoldItalic.uasset" 193
"../../../Engine/Content/EngineFonts/Faces/RobotoBoldItalic.uexp" 194
"../../../Engine/Content/EngineFonts/Faces/RobotoBoldItalic.ufont" 195
"../../../Engine/Content/EngineFonts/Faces/RobotoRegular.uasset" 196
"../../../Engine/Content/EngineFonts/Faces/RobotoRegular.uexp" 197
"../../../Engine/Content/EngineFonts/Faces/RobotoRegular.ufont" 198
"../../../Engine/Content/EngineFonts/Faces/RobotoBold.uasset" 199
"../../../Engine/Content/EngineFonts/Faces/RobotoBold.uexp" 200
"../../../Engine/Content/EngineFonts/Faces/RobotoBold.ufont" 201
"../../../Engine/Content/EngineFonts/Roboto.uasset" 202
"../../../Engine/Content/EngineFonts/Roboto.uexp" 203
"../../../Engine/Content/EngineMaterials/BaseFlattenEmissiveMap.uasset" 204
"../../../Engine/Content/EngineMaterials/BaseFlattenEmissiveMap.uexp" 205
"../../../Engine/Content/EngineMaterials/BaseFlattenDiffuseMap.uasset" 206
"../../../Engine/Content/EngineMaterials/BaseFlattenDiffuseMap.uexp" 207
"../../../Engine/Content/EngineMaterials/BaseFlattenGrayscaleMap.uasset" 208
"../../../Engine/Content/EngineMaterials/BaseFlattenGrayscaleMap.uexp" 209
"../../../Engine/Content/EngineMaterials/BaseFlattenNormalMap.uasset" 210
"../../../Engine/Content/EngineMaterials/BaseFlattenNormalMap.uexp" 211
"../../../Engine/Content/EngineMaterials/BaseFlattenMaterial.uasset" 212
"../../../Engine/Content/EngineMaterials/BaseFlattenMaterial.uexp" 213
"../../../Engine/Content/EngineMaterials/BaseFlattenDiffuseMap_VT.uasset" 214
"../../../Engine/Content/EngineMaterials/BaseFlattenDiffuseMap_VT.uexp" 215
"../../../Engine/Content/EngineMaterials/BaseFlattenEmissiveMap_VT.uasset" 216
"../../../Engine/Content/EngineMaterials/BaseFlattenEmissiveMap_VT.uexp" 217
"../../../Engine/Content/EngineMaterials/BaseFlattenNormalMap_VT.uasset" 218
"../../../Engine/Content/EngineMaterials/BaseFlattenNormalMap_VT.uexp" 219
"../../../Engine/Content/EngineMaterials/BaseFlattenGrayscaleMap_VT.uasset" 220
"../../../Engine/Content/EngineMaterials/BaseFlattenGrayscaleMap_VT.uexp" 221
"../../../Engine/Content/EngineMaterials/BaseFlattenMaterial_VT.uasset" 222
"../../../Engine/Content/EngineMaterials/BaseFlattenMaterial_VT.uexp" 223
"../../../Engine/Content/EngineMaterials/BlueNoise.uasset" 224
"../../../Engine/Content/EngineMaterials/BlueNoise.uexp" 225
"../../../Engine/Content/EngineMaterials/DefaultBloomKernel.uasset" 226
"../../../Engine/Content/EngineMaterials/DefaultBloomKernel.uexp" 227
"../../../Engine/Content/EngineMaterials/DefaultBokeh.uasset" 228
"../../../Engine/Content/EngineMaterials/DefaultBokeh.uexp" 229
"../../../Engine/Content/EngineMaterials/DefaultDiffuse.uasset" 230
"../../../Engine/Content/EngineMaterials/DefaultDiffuse.uexp" 231
"../../../Engine/Content/EngineMaterials/DefaultDiffuse.ubulk" 232
"../../../Engine/Content/EngineMaterials/DefaultDeferredDecalMaterial.uasset" 233
"../../../Engine/Content/EngineMaterials/DefaultDeferredDecalMaterial.uexp" 234
"../../../Engine/Content/EngineMaterials/DefaultLightFunctionMaterial.uasset" 235
"../../../Engine/Content/EngineMaterials/DefaultLightFunctionMaterial.uexp" 236
"../../../Engine/Content/EngineMaterials/DefaultPhysicalMaterial.uasset" 237
"../../../Engine/Content/EngineMaterials/DefaultPhysicalMaterial.uexp" 238
"../../../Engine/Content/Functions/Engine_MaterialFunctions02/Utility/BreakOutFloat2Components.uasset" 239
"../../../Engine/Content/Functions/Engine_MaterialFunctions02/Utility/BreakOutFloat2Components.uexp" 240
"../../../Engine/Content/EngineMaterials/DefaultPostProcessMaterial.uasset" 241
"../../../Engine/Content/EngineMaterials/DefaultPostProcessMaterial.uexp" 242
"../../../Engine/Content/EngineFonts/RobotoDistanceField.uasset" 243
"../../../Engine/Content/EngineFonts/RobotoDistanceField.uexp" 244
"../../../Engine/Content/EngineMaterials/DefaultTextMaterialOpaque.uasset" 245
"../../../Engine/Content/EngineMaterials/DefaultTextMaterialOpaque.uexp" 246
"../../../Engine/Content/EngineMaterials/DefaultWhiteGrid.uasset" 247
"../../../Engine/Content/EngineMaterials/DefaultWhiteGrid.uexp" 248
"../../../Engine/Content/EngineMaterials/DefaultWhiteGrid.ubulk" 249
"../../../Engine/Content/EngineMaterials/DefaultWhiteGrid_Low.uasset" 250
"../../../Engine/Content/EngineMaterials/DefaultWhiteGrid_Low.uexp" 251
"../../../Engine/Content/EngineMaterials/EmissiveMeshMaterial.uasset" 252
"../../../Engine/Content/EngineMaterials/EmissiveMeshMaterial.uexp" 253
"../../../Engine/Content/EngineMaterials/GizmoMaterial.uasset" 254
"../../../Engine/Content/EngineMaterials/GizmoMaterial.uexp" 255
"../../../Engine/Content/EngineMaterials/Good64x64TilingNoiseHighFreq.uasset" 256
"../../../Engine/Content/EngineMaterials/Good64x64TilingNoiseHighFreq.uexp" 257
"../../../Engine/Content/EngineMaterials/MiniFont.uasset" 258
"../../../Engine/Content/EngineMaterials/MiniFont.uexp" 259
"../../../Engine/Content/EngineMaterials/InvalidLightmapSettings.uasset" 260
"../../../Engine/Content/EngineMaterials/InvalidLightmapSettings.uexp" 261
"../../../Engine/Content/EngineMaterials/InvalidLightmapSettings.ubulk" 262
"../../../Engine/Content/EngineMaterials/M_InvalidLightmapSettings.uasset" 263
"../../../Engine/Content/EngineMaterials/M_InvalidLightmapSettings.uexp" 264
"../../../Engine/Content/Functions/Engine_MaterialFunctions02/WorldPositionOffset/CameraOffset.uasset" 265
"../../../Engine/Content/Functions/Engine_MaterialFunctions02/WorldPositionOffset/CameraOffset.uexp" 266
"../../../Engine/Content/EngineMaterials/PhAT_JointLimitMaterial.uasset" 267
"../../../Engine/Content/EngineMaterials/PhAT_JointLimitMaterial.uexp" 268
"../../../Engine/Content/EngineMaterials/PreintegratedSkinBRDF.uasset" 269
"../../../Engine/Content/EngineMaterials/PreintegratedSkinBRDF.uexp" 270
"../../../Engine/Content/EngineMaterials/RemoveSurfaceMaterial.uasset" 271
"../../../Engine/Content/EngineMaterials/RemoveSurfaceMaterial.uexp" 272
"../../../Engine/Content/EngineMaterials/WeightMapPlaceholderTexture.uasset" 273
"../../../Engine/Content/EngineMaterials/WeightMapPlaceholderTexture.uexp" 274
"../../../Engine/Content/EngineResources/WhiteSquareTexture.uasset" 275
"../../../Engine/Content/EngineResources/WhiteSquareTexture.uexp" 276
"../../../Engine/Content/EngineMaterials/Widget3DPassThrough.uasset" 277
"../../../Engine/Content/EngineMaterials/Widget3DPassThrough.uexp" 278
"../../../Engine/Content/EngineMaterials/Widget3DPassThrough_Masked.uasset" 279
"../../../Engine/Content/EngineMaterials/Widget3DPassThrough_Masked.uexp" 280
"../../../Engine/Content/EngineMaterials/Widget3DPassThrough_Opaque.uasset" 281
"../../../Engine/Content/EngineMaterials/Widget3DPassThrough_Opaque.uexp" 282
"../../../Engine/Content/EngineMaterials/Widget3DPassThrough_Masked_OneSided.uasset" 283
"../../../Engine/Content/EngineMaterials/Widget3DPassThrough_Masked_OneSided.uexp" 284
"../../../Engine/Content/EngineMaterials/Widget3DPassThrough_Opaque_OneSided.uasset" 285
"../../../Engine/Content/EngineMaterials/Widget3DPassThrough_Opaque_OneSided.uexp" 286
"../../../Engine/Content/EngineMaterials/Widget3DPassThrough_Translucent.uasset" 287
"../../../Engine/Content/EngineMaterials/Widget3DPassThrough_Translucent.uexp" 288
"../../../Engine/Content/EngineMaterials/Widget3DPassThrough_Translucent_OneSided.uasset" 289
"../../../Engine/Content/EngineMaterials/Widget3DPassThrough_Translucent_OneSided.uexp" 290
"../../../Engine/Content/EngineMeshes/Sphere.uasset" 291
"../../../Engine/Content/EngineMeshes/Sphere.uexp" 292
"../../../Engine/Content/EngineMeshes/Sphere.ubulk" 293
"../../../Engine/Content/EngineResources/Black.uasset" 294
"../../../Engine/Content/EngineResources/Black.uexp" 295
"../../../Engine/Content/EngineResources/DefaultTextureCube.uasset" 296
"../../../Engine/Content/EngineResources/DefaultTextureCube.uexp" 297
"../../../Engine/Content/EngineResources/DefaultVolumeTexture2D.uasset" 298
"../../../Engine/Content/EngineResources/DefaultVolumeTexture2D.uexp" 299
"../../../Engine/Content/EngineResources/DefaultVolumeTexture.uasset" 300
"../../../Engine/Content/EngineResources/DefaultVolumeTexture.uexp" 301
"../../../Engine/Content/EngineResources/GradientTexture0.uasset" 302
"../../../Engine/Content/EngineResources/GradientTexture0.uexp" 303
"../../../Engine/Content/EngineSky/VolumetricClouds/T_NoiseShape64.uasset" 304
"../../../Engine/Content/EngineSky/VolumetricClouds/T_NoiseShape64.uexp" 305
"../../../Engine/Content/EngineSky/VolumetricClouds/T_NoiseShape64.ubulk" 306
"../../../Engine/Content/EngineSky/VolumetricClouds/T_VolumeNoiseShape64.uasset" 307
"../../../Engine/Content/EngineSky/VolumetricClouds/T_VolumeNoiseShape64.uexp" 308
"../../../Engine/Content/EngineSky/VolumetricClouds/CloudGradientTexture.uasset" 309
"../../../Engine/Content/EngineSky/VolumetricClouds/CloudGradientTexture.uexp" 310
"../../../Engine/Content/EngineSky/VolumetricClouds/CloudWeatherTexture.uasset" 311
"../../../Engine/Content/EngineSky/VolumetricClouds/CloudWeatherTexture.uexp" 312
"../../../Engine/Content/Functions/Engine_MaterialFunctions02/Utility/MakeFloat2.uasset" 313
"../../../Engine/Content/Functions/Engine_MaterialFunctions02/Utility/MakeFloat2.uexp" 314
"../../../Engine/Content/EngineSky/VolumetricClouds/T_NoiseErosion.uasset" 315
"../../../Engine/Content/EngineSky/VolumetricClouds/T_NoiseErosion.uexp" 316
"../../../Engine/Content/EngineSky/VolumetricClouds/T_NoiseErosion.ubulk" 317
"../../../Engine/Content/EngineSky/VolumetricClouds/T_VolumeNoiseErosion32.uasset" 318
"../../../Engine/Content/EngineSky/VolumetricClouds/T_VolumeNoiseErosion32.uexp" 319
"../../../Engine/Content/EngineSky/VolumetricClouds/m_SimpleVolumetricCloud.uasset" 320
"../../../Engine/Content/EngineSky/VolumetricClouds/m_SimpleVolumetricCloud.uexp" 321
"../../../Engine/Content/EngineSky/VolumetricClouds/m_SimpleVolumetricCloud_Inst.uasset" 322
"../../../Engine/Content/EngineSky/VolumetricClouds/m_SimpleVolumetricCloud_Inst.uexp" 323
"../../../Engine/Content/EngineSounds/Master.uasset" 324
"../../../Engine/Content/EngineSounds/Master.uexp" 325
"../../../Engine/Content/Functions/Engine_MaterialFunctions01/Shading/PowerToRoughness.uasset" 326
"../../../Engine/Content/Functions/Engine_MaterialFunctions01/Shading/PowerToRoughness.uexp" 327
"../../../Engine/Content/Maps/Templates/Thumbnails/Default.uasset" 328
"../../../Engine/Content/Maps/Templates/Thumbnails/Default.uexp" 329
"../../../Engine/Content/Maps/Templates/Thumbnails/TimeOfDay.uasset" 330
"../../../Engine/Content/Maps/Templates/Thumbnails/TimeOfDay.uexp" 331
"../../../Engine/Content/Maps/Templates/Thumbnails/VR-Basic.uasset" 332
"../../../Engine/Content/Maps/Templates/Thumbnails/VR-Basic.uexp" 333
"../../../Engine/Content/MobileResources/T_MobileControls_texture.uasset" 334
"../../../Engine/Content/MobileResources/T_MobileControls_texture.uexp" 335
"../../../Engine/Content/MobileResources/T_MobileMenu2.uasset" 336
"../../../Engine/Content/MobileResources/T_MobileMenu2.uexp" 337
"../../../Engine/Content/MobileResources/HUD/AnalogHat.uasset" 338
"../../../Engine/Content/MobileResources/HUD/AnalogHat.uexp" 339
"../../../Engine/Content/MobileResources/HUD/VirtualJoystick_Background.uasset" 340
"../../../Engine/Content/MobileResources/HUD/VirtualJoystick_Background.uexp" 341
"../../../Engine/Content/MobileResources/HUD/VirtualJoystick_Thumb.uasset" 342
"../../../Engine/Content/MobileResources/HUD/VirtualJoystick_Thumb.uexp" 343
"../../../Engine/Content/MobileResources/HUD/DefaultVirtualJoysticks.uasset" 344
"../../../Engine/Content/MobileResources/HUD/DefaultVirtualJoysticks.uexp" 345
"../../../Engine/Content/MobileResources/HUD/LeftVirtualJoystickOnly.uasset" 346
"../../../Engine/Content/MobileResources/HUD/LeftVirtualJoystickOnly.uexp" 347
"../../../Engine/Content/MobileResources/HUD/MobileHUDButton1_off.uasset" 348
"../../../Engine/Content/MobileResources/HUD/MobileHUDButton1_off.uexp" 349
"../../../Engine/Content/MobileResources/HUD/MobileHUDButton1_on.uasset" 350
"../../../Engine/Content/MobileResources/HUD/MobileHUDButton1_on.uexp" 351
"../../../Engine/Content/MobileResources/HUD/MobileHUDButton2_off.uasset" 352
"../../../Engine/Content/MobileResources/HUD/MobileHUDButton2_off.uexp" 353
"../../../Engine/Content/MobileResources/HUD/MobileHUDButton2_on.uasset" 354
"../../../Engine/Content/MobileResources/HUD/MobileHUDButton2_on.uexp" 355
"../../../Engine/Content/MobileResources/HUD/MobileHUDButton3.uasset" 356
"../../../Engine/Content/MobileResources/HUD/MobileHUDButton3.uexp" 357
"../../../Engine/Content/MobileResources/HUD/MobileHUDButtonFire.uasset" 358
"../../../Engine/Content/MobileResources/HUD/MobileHUDButtonFire.uexp" 359
"../../../Engine/Content/MobileResources/HUD/MobileHUDDirectionPad.uasset" 360
"../../../Engine/Content/MobileResources/HUD/MobileHUDDirectionPad.uexp" 361
"../../../Engine/Content/MobileResources/HUD/MobileHUDDirectionPad2.uasset" 362
"../../../Engine/Content/MobileResources/HUD/MobileHUDDirectionPad2.uexp" 363
"../../../Engine/Content/MobileResources/HUD/MobileHUDDirectionPad3.uasset" 364
"../../../Engine/Content/MobileResources/HUD/MobileHUDDirectionPad3.uexp" 365
"../../../Engine/Content/MobileResources/HUD/MobileHUDDirectionStick.uasset" 366
"../../../Engine/Content/MobileResources/HUD/MobileHUDDirectionStick.uexp" 367
"../../../Engine/Content/MobileResources/HUD/T_Castle_ThumbstickInner.uasset" 368
"../../../Engine/Content/MobileResources/HUD/T_Castle_ThumbstickInner.uexp" 369
"../../../Engine/Content/MobileResources/HUD/T_Castle_ThumbstickOutter.uasset" 370
"../../../Engine/Content/MobileResources/HUD/T_Castle_ThumbstickOutter.uexp" 371
"../../../Engine/Content/Tutorial/ContentIntroCurve.uasset" 372
"../../../Engine/Content/Tutorial/ContentIntroCurve.uexp" 373
"../../../Engine/Content/VREditor/LaserPointer/VR_LaserPower_01.uasset" 374
"../../../Engine/Content/VREditor/LaserPointer/VR_LaserPower_01.uexp" 375
"../../../Engine/Content/VREditor/LaserPointer/VR_LaserPower_01.ubulk" 376
"../../../Engine/Content/VREditor/TransformGizmo/TransformGizmoMaterial.uasset" 377
"../../../Engine/Content/VREditor/TransformGizmo/TransformGizmoMaterial.uexp" 378
"../../../Engine/Content/VREditor/TransformGizmo/TranslucentTransformGizmoMaterial.uasset" 379
"../../../Engine/Content/VREditor/TransformGizmo/TranslucentTransformGizmoMaterial.uexp" 380
"../../../Engine/Content/VREditor/TransformGizmo/BoundingBoxCorner.uasset" 381
"../../../Engine/Content/VREditor/TransformGizmo/BoundingBoxCorner.uexp" 382
"../../../Engine/Content/VREditor/TransformGizmo/BoundingBoxCorner.ubulk" 383
"../../../Engine/Content/VREditor/TransformGizmo/BoundingBoxEdge.uasset" 384
"../../../Engine/Content/VREditor/TransformGizmo/BoundingBoxEdge.uexp" 385
"../../../Engine/Content/VREditor/TransformGizmo/BoundingBoxEdge.ubulk" 386
"../../../Engine/Content/VREditor/TransformGizmo/PlaneTranslationHandle.uasset" 387
"../../../Engine/Content/VREditor/TransformGizmo/PlaneTranslationHandle.uexp" 388
"../../../Engine/Content/VREditor/TransformGizmo/PlaneTranslationHandle.ubulk" 389
"../../../Engine/Content/VREditor/TransformGizmo/Xray.uasset" 390
"../../../Engine/Content/VREditor/TransformGizmo/Xray.uexp" 391
"../../../Engine/Content/VREditor/TransformGizmo/Main.uasset" 392
"../../../Engine/Content/VREditor/TransformGizmo/Main.uexp" 393
"../../../Engine/Content/VREditor/TransformGizmo/SM_Sequencer_Key.uasset" 394
"../../../Engine/Content/VREditor/TransformGizmo/SM_Sequencer_Key.uexp" 395
"../../../Engine/Content/VREditor/TransformGizmo/SM_Sequencer_Key.ubulk" 396
"../../../Engine/Content/VREditor/TransformGizmo/SM_Sequencer_Node.uasset" 397
"../../../Engine/Content/VREditor/TransformGizmo/SM_Sequencer_Node.uexp" 398
"../../../Engine/Content/VREditor/TransformGizmo/SM_Sequencer_Node.ubulk" 399
"../../../Engine/Plugins/2D/Paper2D/Content/PlaceholderTextures/DummySpriteTexture.uasset" 400
"../../../Engine/Plugins/2D/Paper2D/Content/PlaceholderTextures/DummySpriteTexture.uexp" 401
"../../../Engine/Plugins/2D/Paper2D/Content/PlaceholderTextures/DummySpriteTexture.ubulk" 402
"../../../Engine/Plugins/2D/Paper2D/Content/DummySprite.uasset" 403
"../../../Engine/Plugins/2D/Paper2D/Content/DummySprite.uexp" 404
"../../../Engine/Plugins/2D/Paper2D/Content/DefaultPaperTerrainMaterial.uasset" 405
"../../../Engine/Plugins/2D/Paper2D/Content/DefaultPaperTerrainMaterial.uexp" 406
"../../../Engine/Plugins/2D/Paper2D/Content/DefaultSpriteMaterial.uasset" 407
"../../../Engine/Plugins/2D/Paper2D/Content/DefaultSpriteMaterial.uexp" 408
"../../../Engine/Plugins/2D/Paper2D/Content/MaskedUnlitSpriteMaterial.uasset" 409
"../../../Engine/Plugins/2D/Paper2D/Content/MaskedUnlitSpriteMaterial.uexp" 410
"../../../Engine/Plugins/2D/Paper2D/Content/OpaqueUnlitSpriteMaterial.uasset" 411
"../../../Engine/Plugins/2D/Paper2D/Content/OpaqueUnlitSpriteMaterial.uexp" 412
"../../../Engine/Content/Functions/Engine_MaterialFunctions02/ObjectLocalBounds.uasset" 413
"../../../Engine/Content/Functions/Engine_MaterialFunctions02/ObjectLocalBounds.uexp" 414
"../../../Engine/Content/Functions/Engine_MaterialFunctions02/UVs/BoundingBoxBased_0-1_UVW.uasset" 415
"../../../Engine/Content/Functions/Engine_MaterialFunctions02/UVs/BoundingBoxBased_0-1_UVW.uexp" 416
"../../../Engine/Plugins/Editor/SpeedTreeImporter/Content/SpeedTree9/game_wind_noise.uasset" 417
"../../../Engine/Plugins/Editor/SpeedTreeImporter/Content/SpeedTree9/game_wind_noise.uexp" 418
"../../../Engine/Plugins/Editor/SpeedTreeImporter/Content/SpeedTree9/game_wind_noise.ubulk" 419
"../../../Engine/Plugins/Editor/SpeedTreeImporter/Content/SpeedTree9/SpeedTreeBillboard.uasset" 420
"../../../Engine/Plugins/Editor/SpeedTreeImporter/Content/SpeedTree9/SpeedTreeBillboard.uexp" 421
"../../../Engine/Content/Functions/Engine_MaterialFunctions02/SafeNormalize.uasset" 422
"../../../Engine/Content/Functions/Engine_MaterialFunctions02/SafeNormalize.uexp" 423
"../../../Engine/Plugins/Editor/SpeedTreeImporter/Content/SpeedTree9/SpeedTreeWindMotion.uasset" 424
"../../../Engine/Plugins/Editor/SpeedTreeImporter/Content/SpeedTree9/SpeedTreeWindMotion.uexp" 425
"../../../Engine/Plugins/Editor/SpeedTreeImporter/Content/SpeedTree9/UnpackDirection.uasset" 426
"../../../Engine/Plugins/Editor/SpeedTreeImporter/Content/SpeedTree9/UnpackDirection.uexp" 427
"../../../Engine/Plugins/Editor/SpeedTreeImporter/Content/SpeedTree9/UnpackInteger3.uasset" 428
"../../../Engine/Plugins/Editor/SpeedTreeImporter/Content/SpeedTree9/UnpackInteger3.uexp" 429
"../../../Engine/Plugins/Editor/SpeedTreeImporter/Content/SpeedTree9/SpeedTreeBranchMotion.uasset" 430
"../../../Engine/Plugins/Editor/SpeedTreeImporter/Content/SpeedTree9/SpeedTreeBranchMotion.uexp" 431
"../../../Engine/Plugins/Editor/SpeedTreeImporter/Content/SpeedTree9/SpeedTreeWind.uasset" 432
"../../../Engine/Plugins/Editor/SpeedTreeImporter/Content/SpeedTree9/SpeedTreeWind.uexp" 433
"../../../Engine/Content/EngineResources/DefaultTexture.uasset" 434
"../../../Engine/Content/EngineResources/DefaultTexture.uexp" 435
"../../../Engine/Content/EngineResources/DefaultTexture.ubulk" 436
"../../../Engine/Plugins/Editor/SpeedTreeImporter/Content/SpeedTree9/SpeedTreeBillboardMaster.uasset" 437
"../../../Engine/Plugins/Editor/SpeedTreeImporter/Content/SpeedTree9/SpeedTreeBillboardMaster.uexp" 438
"../../../Engine/Plugins/Editor/SpeedTreeImporter/Content/SpeedTree9/SpeedTreeCameraFacing.uasset" 439
"../../../Engine/Plugins/Editor/SpeedTreeImporter/Content/SpeedTree9/SpeedTreeCameraFacing.uexp" 440
"../../../Engine/Plugins/Editor/SpeedTreeImporter/Content/SpeedTree9/SpeedTreeMaster.uasset" 441
"../../../Engine/Plugins/Editor/SpeedTreeImporter/Content/SpeedTree9/SpeedTreeMaster.uexp" 442
"../../../Engine/Content/BasicShapes/Cylinder.uasset" 443
"../../../Engine/Content/BasicShapes/Cylinder.uexp" 444
"../../../Engine/Content/BasicShapes/Cylinder.ubulk" 445
"../../../Engine/Content/ArtTools/RenderToTexture/Materials/Debug/M_Emissive_Color.uasset" 446
"../../../Engine/Content/ArtTools/RenderToTexture/Materials/Debug/M_Emissive_Color.uexp" 447
"../../../Engine/Plugins/Lumin/MagicLeapPassableWorld/Content/MagicLeapARPinInfoActor.uasset" 448
"../../../Engine/Plugins/Lumin/MagicLeapPassableWorld/Content/MagicLeapARPinInfoActor.uexp" 449
"../../../Engine/Plugins/Runtime/HairStrands/Content/Materials/HairCardsDefaultMaterial.uasset" 450
"../../../Engine/Plugins/Runtime/HairStrands/Content/Materials/HairCardsDefaultMaterial.uexp" 451
"../../../Engine/Content/EngineMaterials/HairColorMap.uasset" 452
"../../../Engine/Content/EngineMaterials/HairColorMap.uexp" 453
"../../../Engine/Content/EngineMaterials/HairDebugColor.uasset" 454
"../../../Engine/Content/EngineMaterials/HairDebugColor.uexp" 455
"../../../Engine/Plugins/Runtime/HairStrands/Content/Materials/HairDebugMaterial.uasset" 456
"../../../Engine/Plugins/Runtime/HairStrands/Content/Materials/HairDebugMaterial.uexp" 457
"../../../Engine/Plugins/Runtime/HairStrands/Content/Materials/HairDefaultMaterial.uasset" 458
"../../../Engine/Plugins/Runtime/HairStrands/Content/Materials/HairDefaultMaterial.uexp" 459
"../../../Engine/Plugins/Runtime/HairStrands/Content/Materials/HairMeshesDefaultMaterial.uasset" 460
"../../../Engine/Plugins/Runtime/HairStrands/Content/Materials/HairMeshesDefaultMaterial.uexp" 461
"../../../Engine/Content/Functions/Engine_MaterialFunctions02/Utility/BreakOutFloat4Components.uasset" 462
"../../../Engine/Content/Functions/Engine_MaterialFunctions02/Utility/BreakOutFloat4Components.uexp" 463
"../../../Engine/Plugins/Runtime/Oculus/OculusVR/Content/Materials/OculusMR_ChromaKey.uasset" 464
"../../../Engine/Plugins/Runtime/Oculus/OculusVR/Content/Materials/OculusMR_ChromaKey.uexp" 465
"../../../Engine/Plugins/Runtime/Oculus/OculusVR/Content/Materials/OculusMR_OpaqueColoredMaterial.uasset" 466
"../../../Engine/Plugins/Runtime/Oculus/OculusVR/Content/Materials/OculusMR_OpaqueColoredMaterial.uexp" 467
"../../../Engine/Plugins/Runtime/Oculus/OculusVR/Content/Materials/PokeAHoleMaterial.uasset" 468
"../../../Engine/Plugins/Runtime/Oculus/OculusVR/Content/Materials/PokeAHoleMaterial.uexp" 469
"D:/UE5Projects/Ratzilla/Content/Assets/UI_Assets/NAGOMI/Credits_NAGOMI_Hovered.uasset" 470
"D:/UE5Projects/Ratzilla/Content/Assets/UI_Assets/NAGOMI/Credits_NAGOMI_Hovered.uexp" 471
"D:/UE5Projects/Ratzilla/Content/Assets/UI_Assets/NAGOMI/Credits_NAGOMI_not_Hovered.uasset" 472
"D:/UE5Projects/Ratzilla/Content/Assets/UI_Assets/NAGOMI/Credits_NAGOMI_not_Hovered.uexp" 473
"D:/UE5Projects/Ratzilla/Content/Assets/UI_Assets/NAGOMI/Play_button_Hovered_NAGOMI.uasset" 474
"D:/UE5Projects/Ratzilla/Content/Assets/UI_Assets/NAGOMI/Play_button_Hovered_NAGOMI.uexp" 475
"D:/UE5Projects/Ratzilla/Content/Assets/UI_Assets/NAGOMI/Play_button__Ratzilla_NAGOMI.uasset" 476
"D:/UE5Projects/Ratzilla/Content/Assets/UI_Assets/NAGOMI/Play_button__Ratzilla_NAGOMI.uexp" 477
"D:/UE5Projects/Ratzilla/Content/Assets/UI_Assets/NAGOMI/Ratzilla_cheese_texture_NAGOMI_STYLE.uasset" 478
"D:/UE5Projects/Ratzilla/Content/Assets/UI_Assets/NAGOMI/Ratzilla_cheese_texture_NAGOMI_STYLE.uexp" 479
"D:/UE5Projects/Ratzilla/Content/Assets/UI_Assets/NAGOMI/Back_Button_HOVERED_NAGOMI.uasset" 480
"D:/UE5Projects/Ratzilla/Content/Assets/UI_Assets/NAGOMI/Back_Button_HOVERED_NAGOMI.uexp" 481
"D:/UE5Projects/Ratzilla/Content/Assets/UI_Assets/Credits_Screen.uasset" 482
"D:/UE5Projects/Ratzilla/Content/Assets/UI_Assets/Credits_Screen.uexp" 483
"D:/UE5Projects/Ratzilla/Content/Assets/UI_Assets/NAGOMI/Back_Button_not_HOVERED_NAGOMI.uasset" 484
"D:/UE5Projects/Ratzilla/Content/Assets/UI_Assets/NAGOMI/Back_Button_not_HOVERED_NAGOMI.uexp" 485
"D:/UE5Projects/Ratzilla/Content/ThirdPersonBP/Blueprints/WBP_UI/WBP_Credits.uasset" 486
"D:/UE5Projects/Ratzilla/Content/ThirdPersonBP/Blueprints/WBP_UI/WBP_Credits.uexp" 487
"D:/UE5Projects/Ratzilla/Content/ThirdPersonBP/Blueprints/WBP_UI/WBP_MainMenu.uasset" 488
"D:/UE5Projects/Ratzilla/Content/ThirdPersonBP/Blueprints/WBP_UI/WBP_MainMenu.uexp" 489
"D:/UE5Projects/Ratzilla/Content/ThirdPersonBP/Maps/MainMenu.uexp" 490
"D:/UE5Projects/Ratzilla/Content/ThirdPersonBP/Maps/MainMenu.umap" 491
"D:/UE5Projects/Ratzilla/Content/Assets/Models/Buildings/Building2/Building2_low_lambert1_Normal.uasset" 492
"D:/UE5Projects/Ratzilla/Content/Assets/Models/Buildings/Building2/Building2_low_lambert1_Normal.uexp" 493
"D:/UE5Projects/Ratzilla/Content/Assets/Models/Buildings/Building2/Building2_low_lambert1_Normal.ubulk" 494
"D:/UE5Projects/Ratzilla/Content/Assets/Models/Buildings/Building2/Building2_low_lambert1_OcclusionRoughnessMetallic.uasset" 495
"D:/UE5Projects/Ratzilla/Content/Assets/Models/Buildings/Building2/Building2_low_lambert1_OcclusionRoughnessMetallic.uexp" 496
"D:/UE5Projects/Ratzilla/Content/Assets/Models/Buildings/Building2/Building2_low_lambert1_OcclusionRoughnessMetallic.ubulk" 497
"D:/UE5Projects/Ratzilla/Content/Assets/Models/Buildings/Building2/Building2_low_lambert1_BaseColor.uasset" 498
"D:/UE5Projects/Ratzilla/Content/Assets/Models/Buildings/Building2/Building2_low_lambert1_BaseColor.uexp" 499
"D:/UE5Projects/Ratzilla/Content/Assets/Models/Buildings/Building2/Building2_low_lambert1_BaseColor.ubulk" 500
"D:/UE5Projects/Ratzilla/Content/Assets/Models/Buildings/Building2/Building2_MAT.uasset" 501
"D:/UE5Projects/Ratzilla/Content/Assets/Models/Buildings/Building2/Building2_MAT.uexp" 502
"D:/UE5Projects/Ratzilla/Content/Assets/Models/Buildings/Building2/Building2_MI.uasset" 503
"D:/UE5Projects/Ratzilla/Content/Assets/Models/Buildings/Building2/Building2_MI.uexp" 504
"D:/UE5Projects/Ratzilla/Content/Assets/Models/Ground/Road_MATS/road_lambert1_BaseColor.uasset" 505
"D:/UE5Projects/Ratzilla/Content/Assets/Models/Ground/Road_MATS/road_lambert1_BaseColor.uexp" 506
"D:/UE5Projects/Ratzilla/Content/Assets/Models/Ground/Road_MATS/road_lambert1_BaseColor.ubulk" 507
"D:/UE5Projects/Ratzilla/Content/Assets/Models/Ground/Road_MATS/Road_MAT.uasset" 508
"D:/UE5Projects/Ratzilla/Content/Assets/Models/Ground/Road_MATS/Road_MAT.uexp" 509
"D:/UE5Projects/Ratzilla/Content/Assets/Models/Ground/Road_MATS/Road_MI.uasset" 510
"D:/UE5Projects/Ratzilla/Content/Assets/Models/Ground/Road_MATS/Road_MI.uexp" 511
"D:/UE5Projects/Ratzilla/Content/SM_MERGED_StaticMeshActor_3.uasset" 512
"D:/UE5Projects/Ratzilla/Content/SM_MERGED_StaticMeshActor_3.uexp" 513
"D:/UE5Projects/Ratzilla/Content/Assets/Models/Ground/Sidewalk_MATS/sidewalk_lambert1_BaseColor.uasset" 514
"D:/UE5Projects/Ratzilla/Content/Assets/Models/Ground/Sidewalk_MATS/sidewalk_lambert1_BaseColor.uexp" 515
"D:/UE5Projects/Ratzilla/Content/Assets/Models/Ground/Sidewalk_MATS/sidewalk_lambert1_BaseColor.ubulk" 516
"D:/UE5Projects/Ratzilla/Content/Assets/Models/Ground/Sidewalk_MATS/Sidewalk_MAT.uasset" 517
"D:/UE5Projects/Ratzilla/Content/Assets/Models/Ground/Sidewalk_MATS/Sidewalk_MAT.uexp" 518
"D:/UE5Projects/Ratzilla/Content/Assets/Models/Ground/Sidewalk_MATS/Sidewalk_MI.uasset" 519
"D:/UE5Projects/Ratzilla/Content/Assets/Models/Ground/Sidewalk_MATS/Sidewalk_MI.uexp" 520
"D:/UE5Projects/Ratzilla/Content/SM_MERGED_StaticMeshActor_38.uasset" 521
"D:/UE5Projects/Ratzilla/Content/SM_MERGED_StaticMeshActor_38.uexp" 522
"../../../Engine/Content/EngineSky/C_Sky_Cloud_Color.uasset" 523
"../../../Engine/Content/EngineSky/C_Sky_Cloud_Color.uexp" 524
"../../../Engine/Content/EngineSky/C_Sky_Horizon_Color.uasset" 525
"../../../Engine/Content/EngineSky/C_Sky_Horizon_Color.uexp" 526
"../../../Engine/Content/EngineSky/C_Sky_Zenith_Color.uasset" 527
"../../../Engine/Content/EngineSky/C_Sky_Zenith_Color.uexp" 528
"../../../Engine/Content/EngineSky/T_Sky_Stars.uasset" 529
"../../../Engine/Content/EngineSky/T_Sky_Stars.uexp" 530
"../../../Engine/Content/EngineSky/T_Sky_Stars.ubulk" 531
"../../../Engine/Content/EngineSky/T_Sky_Clouds_M.uasset" 532
"../../../Engine/Content/EngineSky/T_Sky_Clouds_M.uexp" 533
"../../../Engine/Content/EngineSky/T_Sky_Clouds_M.ubulk" 534
"../../../Engine/Content/EngineSky/T_Sky_Blue.uasset" 535
"../../../Engine/Content/EngineSky/T_Sky_Blue.uexp" 536
"../../../Engine/Content/EngineSky/T_Sky_Blue.ubulk" 537
"../../../Engine/Content/EngineSky/M_Sky_Panning_Clouds2.uasset" 538
"../../../Engine/Content/EngineSky/M_Sky_Panning_Clouds2.uexp" 539
"../../../Engine/Content/EngineSky/SM_SkySphere.uasset" 540
"../../../Engine/Content/EngineSky/SM_SkySphere.uexp" 541
"../../../Engine/Content/EngineSky/SM_SkySphere.ubulk" 542
"../../../Engine/Content/EngineSky/BP_Sky_Sphere.uasset" 543
"../../../Engine/Content/EngineSky/BP_Sky_Sphere.uexp" 544
"D:/UE5Projects/Ratzilla/Content/Assets/Models/Grass_MAT/Grass_MAT.uasset" 545
"D:/UE5Projects/Ratzilla/Content/Assets/Models/Grass_MAT/Grass_MAT.uexp" 546
"D:/UE5Projects/Ratzilla/Content/Assets/Models/Grass_MAT/Grass_MI.uasset" 547
"D:/UE5Projects/Ratzilla/Content/Assets/Models/Grass_MAT/Grass_MI.uexp" 548
"D:/UE5Projects/Ratzilla/Content/Geometry/Meshes/CubeMaterial.uasset" 549
"D:/UE5Projects/Ratzilla/Content/Geometry/Meshes/CubeMaterial.uexp" 550
"D:/UE5Projects/Ratzilla/Content/Geometry/Meshes/TemplateFloor.uasset" 551
"D:/UE5Projects/Ratzilla/Content/Geometry/Meshes/TemplateFloor.uexp" 552
"D:/UE5Projects/Ratzilla/Content/Geometry/Meshes/TemplateFloor.ubulk" 553
"D:/UE5Projects/Ratzilla/Content/Assets/Models/Buildings/House1/roof_trim.uasset" 554
"D:/UE5Projects/Ratzilla/Content/Assets/Models/Buildings/House1/roof_trim.uexp" 555
"D:/UE5Projects/Ratzilla/Content/Assets/Models/Buildings/House1/Chim.uasset" 556
"D:/UE5Projects/Ratzilla/Content/Assets/Models/Buildings/House1/Chim.uexp" 557
"D:/UE5Projects/Ratzilla/Content/Assets/Models/Buildings/House1/Glass.uasset" 558
"D:/UE5Projects/Ratzilla/Content/Assets/Models/Buildings/House1/Glass.uexp" 559
"D:/UE5Projects/Ratzilla/Content/Assets/Models/Buildings/House1/Walls.uasset" 560
"D:/UE5Projects/Ratzilla/Content/Assets/Models/Buildings/House1/Walls.uexp" 561
"D:/UE5Projects/Ratzilla/Content/Assets/Models/Buildings/House1/House_Floor.uasset" 562
"D:/UE5Projects/Ratzilla/Content/Assets/Models/Buildings/House1/House_Floor.uexp" 563
"../../../Engine/Content/EngineMaterials/Grid.uasset" 564
"../../../Engine/Content/EngineMaterials/Grid.uexp" 565
"../../../Engine/Content/EngineMaterials/Grid.ubulk" 566
"../../../Engine/Content/Functions/Engine_MaterialFunctions02/ScreenResolution.uasset" 567
"../../../Engine/Content/Functions/Engine_MaterialFunctions02/ScreenResolution.uexp" 568
"../../../Engine/Content/Functions/Engine_MaterialFunctions01/Gradient/LinearGradient.uasset" 569
"../../../Engine/Content/Functions/Engine_MaterialFunctions01/Gradient/LinearGradient.uexp" 570
"../../../Engine/Content/Functions/Engine_MaterialFunctions01/ImageAdjustment/CheapContrast.uasset" 571
"../../../Engine/Content/Functions/Engine_MaterialFunctions01/ImageAdjustment/CheapContrast.uexp" 572
"../../../Engine/Content/Functions/Engine_MaterialFunctions01/Texturing/WorldAlignedTexture.uasset" 573
"../../../Engine/Content/Functions/Engine_MaterialFunctions01/Texturing/WorldAlignedTexture.uexp" 574
"../../../Engine/Content/Functions/Engine_MaterialFunctions02/Utility/VectorLength.uasset" 575
"../../../Engine/Content/Functions/Engine_MaterialFunctions02/Utility/VectorLength.uexp" 576
"../../../Engine/Content/Functions/Engine_MaterialFunctions02/WorldPositionOffset/ObjectScale.uasset" 577
"../../../Engine/Content/Functions/Engine_MaterialFunctions02/WorldPositionOffset/ObjectScale.uexp" 578
"../../../Engine/Content/EditorMaterials/GeometryCollection/SelectedGeometryMaterial.uasset" 579
"../../../Engine/Content/EditorMaterials/GeometryCollection/SelectedGeometryMaterial.uexp" 580
"D:/UE5Projects/Ratzilla/Content/Assets/Models/Buildings/House1/Roof_Color.uasset" 581
"D:/UE5Projects/Ratzilla/Content/Assets/Models/Buildings/House1/Roof_Color.uexp" 582
"D:/UE5Projects/Ratzilla/Content/Assets/Models/Buildings/House1/House_Walls.uasset" 583
"D:/UE5Projects/Ratzilla/Content/Assets/Models/Buildings/House1/House_Walls.uexp" 584
"D:/UE5Projects/Ratzilla/Content/Assets/Models/Buildings/House1/Door.uasset" 585
"D:/UE5Projects/Ratzilla/Content/Assets/Models/Buildings/House1/Door.uexp" 586
"D:/UE5Projects/Ratzilla/Content/House_1_Final_GeometryCollection.uasset" 587
"D:/UE5Projects/Ratzilla/Content/House_1_Final_GeometryCollection.uexp" 588
"D:/UE5Projects/Ratzilla/Content/House1bp2.uasset" 589
"D:/UE5Projects/Ratzilla/Content/House1bp2.uexp" 590
"D:/UE5Projects/Ratzilla/Content/Assets/Models/Grass_MAT/EndLevelBP.uasset" 591
"D:/UE5Projects/Ratzilla/Content/Assets/Models/Grass_MAT/EndLevelBP.uexp" 592
"D:/UE5Projects/Ratzilla/Content/Assets/Models/Buildings/Bui/Building2_low_GeometryCollection.uasset" 593
"D:/UE5Projects/Ratzilla/Content/Assets/Models/Buildings/Bui/Building2_low_GeometryCollection.uexp" 594
"D:/UE5Projects/Ratzilla/Content/ThirdPersonBP/Blueprints/Building2BP.uasset" 595
"D:/UE5Projects/Ratzilla/Content/ThirdPersonBP/Blueprints/Building2BP.uexp" 596
"D:/UE5Projects/Ratzilla/Content/Assets/Models/Buildings/Building1/Building1_low_lambert1_BaseColor.uasset" 597
"D:/UE5Projects/Ratzilla/Content/Assets/Models/Buildings/Building1/Building1_low_lambert1_BaseColor.uexp" 598
"D:/UE5Projects/Ratzilla/Content/Assets/Models/Buildings/Building1/Building1_low_lambert1_BaseColor.ubulk" 599
"D:/UE5Projects/Ratzilla/Content/Assets/Models/Buildings/Building1/Building1_low_lambert1_Normal.uasset" 600
"D:/UE5Projects/Ratzilla/Content/Assets/Models/Buildings/Building1/Building1_low_lambert1_Normal.uexp" 601
"D:/UE5Projects/Ratzilla/Content/Assets/Models/Buildings/Building1/Building1_low_lambert1_Normal.ubulk" 602
"D:/UE5Projects/Ratzilla/Content/Assets/Models/Buildings/Building1/Building1_low_lambert1_OcclusionRoughnessMetallic.uasset" 603
"D:/UE5Projects/Ratzilla/Content/Assets/Models/Buildings/Building1/Building1_low_lambert1_OcclusionRoughnessMetallic.uexp" 604
"D:/UE5Projects/Ratzilla/Content/Assets/Models/Buildings/Building1/Building1_low_lambert1_OcclusionRoughnessMetallic.ubulk" 605
"D:/UE5Projects/Ratzilla/Content/Assets/Models/Buildings/Building1/Building1_MAT.uasset" 606
"D:/UE5Projects/Ratzilla/Content/Assets/Models/Buildings/Building1/Building1_MAT.uexp" 607
"D:/UE5Projects/Ratzilla/Content/Assets/Models/Buildings/Building1/Building1_MI.uasset" 608
"D:/UE5Projects/Ratzilla/Content/Assets/Models/Buildings/Building1/Building1_MI.uexp" 609
"D:/UE5Projects/Ratzilla/Content/Assets/Models/Buildings/Bui/Building1_low_GeometryCollection1.uasset" 610
"D:/UE5Projects/Ratzilla/Content/Assets/Models/Buildings/Bui/Building1_low_GeometryCollection1.uexp" 611
"D:/UE5Projects/Ratzilla/Content/ThirdPersonBP/Blueprints/Building2BP2.uasset" 612
"D:/UE5Projects/Ratzilla/Content/ThirdPersonBP/Blueprints/Building2BP2.uexp" 613
"D:/UE5Projects/Ratzilla/Content/ThirdPersonBP/Maps/ThirdPersonExampleMap_BuiltData.uasset" 614
"D:/UE5Projects/Ratzilla/Content/ThirdPersonBP/Maps/ThirdPersonExampleMap_BuiltData.uexp" 615
"D:/UE5Projects/Ratzilla/Content/ThirdPersonBP/Maps/ThirdPersonExampleMap_BuiltData.ubulk" 616
"D:/UE5Projects/Ratzilla/Content/ThirdPersonBP/Maps/ThirdPersonExampleMap.uexp" 617
"D:/UE5Projects/Ratzilla/Content/ThirdPersonBP/Maps/ThirdPersonExampleMap.umap" 618
"../../../Engine/Content/Maps/Entry_BuiltData.uasset" 619
"../../../Engine/Content/Maps/Entry_BuiltData.uexp" 620
"../../../Engine/Content/Maps/Entry.uexp" 621
"../../../Engine/Content/Maps/Entry.umap" 622
